<?xml version="1.0" encoding="UTF-8"?>
<!-- Generated by org.testng.reporters.JUnitReportReporter -->
<testsuite hostname="CAODIICSLAP" failures="0" tests="1" name="test.TestCases" time="10.150" errors="0" timestamp="2025-07-11T11:46:54 ICT" skipped="0">
  <testcase classname="test.TestCases" name="TC01" time="10.150"/>
</testsuite> <!-- test.TestCases -->
